mode: set
github.com/sorenmh/infrastructure-shared/deployment-api/manifests/deployment.go:18.52,23.2 2 1
github.com/sorenmh/infrastructure-shared/deployment-api/manifests/deployment.go:26.121,36.56 3 1
github.com/sorenmh/infrastructure-shared/deployment-api/manifests/deployment.go:36.56,38.3 1 0
github.com/sorenmh/infrastructure-shared/deployment-api/manifests/deployment.go:40.2,40.25 1 1
github.com/sorenmh/infrastructure-shared/deployment-api/manifests/deployment.go:53.103,61.2 1 1
github.com/sorenmh/infrastructure-shared/deployment-api/manifests/deployment.go:65.33,67.3 1 1
github.com/sorenmh/infrastructure-shared/deployment-api/manifests/deployment.go:68.40,70.3 1 1
github.com/sorenmh/infrastructure-shared/deployment-api/manifests/deployment.go:71.49,74.3 1 0
github.com/sorenmh/infrastructure-shared/deployment-api/manifests/deployment.go:75.74,77.3 1 1
github.com/sorenmh/infrastructure-shared/deployment-api/manifests/flux.go:18.40,20.34 2 1
github.com/sorenmh/infrastructure-shared/deployment-api/manifests/flux.go:20.34,22.3 1 1
github.com/sorenmh/infrastructure-shared/deployment-api/manifests/flux.go:25.2,25.64 1 1
github.com/sorenmh/infrastructure-shared/deployment-api/manifests/flux.go:25.64,27.3 1 1
github.com/sorenmh/infrastructure-shared/deployment-api/manifests/flux.go:28.2,28.77 1 1
github.com/sorenmh/infrastructure-shared/deployment-api/manifests/flux.go:28.77,30.3 1 0
github.com/sorenmh/infrastructure-shared/deployment-api/manifests/flux.go:32.2,35.3 2 1
github.com/sorenmh/infrastructure-shared/deployment-api/manifests/flux.go:39.115,40.34 1 1
github.com/sorenmh/infrastructure-shared/deployment-api/manifests/flux.go:40.34,42.3 1 1
github.com/sorenmh/infrastructure-shared/deployment-api/manifests/flux.go:44.2,53.56 3 1
github.com/sorenmh/infrastructure-shared/deployment-api/manifests/flux.go:53.56,55.3 1 0
github.com/sorenmh/infrastructure-shared/deployment-api/manifests/flux.go:57.2,57.25 1 1
github.com/sorenmh/infrastructure-shared/deployment-api/manifests/flux.go:70.51,71.47 1 1
github.com/sorenmh/infrastructure-shared/deployment-api/manifests/flux.go:71.47,73.3 1 1
github.com/sorenmh/infrastructure-shared/deployment-api/manifests/flux.go:74.2,74.23 1 1
github.com/sorenmh/infrastructure-shared/deployment-api/manifests/flux.go:78.64,79.47 1 1
github.com/sorenmh/infrastructure-shared/deployment-api/manifests/flux.go:79.47,83.3 1 1
github.com/sorenmh/infrastructure-shared/deployment-api/manifests/flux.go:85.2,85.43 1 1
github.com/sorenmh/infrastructure-shared/deployment-api/manifests/flux.go:85.43,90.3 1 1
github.com/sorenmh/infrastructure-shared/deployment-api/manifests/flux.go:93.2,95.3 1 1
github.com/sorenmh/infrastructure-shared/deployment-api/manifests/flux.go:99.49,102.56 2 1
github.com/sorenmh/infrastructure-shared/deployment-api/manifests/flux.go:102.56,104.3 1 1
github.com/sorenmh/infrastructure-shared/deployment-api/manifests/flux.go:105.2,105.18 1 1
github.com/sorenmh/infrastructure-shared/deployment-api/manifests/generator.go:22.32,28.2 1 1
github.com/sorenmh/infrastructure-shared/deployment-api/manifests/generator.go:31.124,35.46 2 1
github.com/sorenmh/infrastructure-shared/deployment-api/manifests/generator.go:35.46,37.3 1 1
github.com/sorenmh/infrastructure-shared/deployment-api/manifests/generator.go:40.2,40.62 1 1
github.com/sorenmh/infrastructure-shared/deployment-api/manifests/generator.go:40.62,46.17 3 1
github.com/sorenmh/infrastructure-shared/deployment-api/manifests/generator.go:46.17,48.4 1 0
github.com/sorenmh/infrastructure-shared/deployment-api/manifests/generator.go:49.3,52.31 2 1
github.com/sorenmh/infrastructure-shared/deployment-api/manifests/generator.go:52.31,54.18 2 1
github.com/sorenmh/infrastructure-shared/deployment-api/manifests/generator.go:54.18,56.5 1 0
github.com/sorenmh/infrastructure-shared/deployment-api/manifests/generator.go:57.4,57.74 1 1
github.com/sorenmh/infrastructure-shared/deployment-api/manifests/generator.go:61.3,61.35 1 1
github.com/sorenmh/infrastructure-shared/deployment-api/manifests/generator.go:61.35,63.18 2 1
github.com/sorenmh/infrastructure-shared/deployment-api/manifests/generator.go:63.18,65.5 1 0
github.com/sorenmh/infrastructure-shared/deployment-api/manifests/generator.go:66.4,66.68 1 1
github.com/sorenmh/infrastructure-shared/deployment-api/manifests/generator.go:70.2,70.23 1 1
github.com/sorenmh/infrastructure-shared/deployment-api/manifests/generator.go:74.142,78.45 2 0
github.com/sorenmh/infrastructure-shared/deployment-api/manifests/generator.go:78.45,80.3 1 0
github.com/sorenmh/infrastructure-shared/deployment-api/manifests/generator.go:83.2,87.16 3 0
github.com/sorenmh/infrastructure-shared/deployment-api/manifests/generator.go:87.16,89.3 1 0
github.com/sorenmh/infrastructure-shared/deployment-api/manifests/generator.go:90.2,93.30 2 0
github.com/sorenmh/infrastructure-shared/deployment-api/manifests/generator.go:93.30,95.17 2 0
github.com/sorenmh/infrastructure-shared/deployment-api/manifests/generator.go:95.17,97.4 1 0
github.com/sorenmh/infrastructure-shared/deployment-api/manifests/generator.go:98.3,98.73 1 0
github.com/sorenmh/infrastructure-shared/deployment-api/manifests/generator.go:102.2,102.34 1 0
github.com/sorenmh/infrastructure-shared/deployment-api/manifests/generator.go:102.34,104.17 2 0
github.com/sorenmh/infrastructure-shared/deployment-api/manifests/generator.go:104.17,106.4 1 0
github.com/sorenmh/infrastructure-shared/deployment-api/manifests/generator.go:107.3,107.67 1 0
github.com/sorenmh/infrastructure-shared/deployment-api/manifests/generator.go:110.2,110.23 1 0
github.com/sorenmh/infrastructure-shared/deployment-api/manifests/generator.go:114.74,116.43 1 0
github.com/sorenmh/infrastructure-shared/deployment-api/manifests/generator.go:116.43,117.24 1 0
github.com/sorenmh/infrastructure-shared/deployment-api/manifests/generator.go:117.24,119.4 1 0
github.com/sorenmh/infrastructure-shared/deployment-api/manifests/generator.go:127.2,127.12 1 0
github.com/sorenmh/infrastructure-shared/deployment-api/manifests/service.go:17.46,22.2 2 1
github.com/sorenmh/infrastructure-shared/deployment-api/manifests/service.go:25.118,26.31 1 1
github.com/sorenmh/infrastructure-shared/deployment-api/manifests/service.go:26.31,28.3 1 1
github.com/sorenmh/infrastructure-shared/deployment-api/manifests/service.go:30.2,38.56 3 1
github.com/sorenmh/infrastructure-shared/deployment-api/manifests/service.go:38.56,40.3 1 0
github.com/sorenmh/infrastructure-shared/deployment-api/manifests/service.go:42.2,42.25 1 1
github.com/sorenmh/infrastructure-shared/deployment-api/models/service.go:37.40,38.12 1 1
github.com/sorenmh/infrastructure-shared/deployment-api/models/service.go:39.42,40.14 1 1
github.com/sorenmh/infrastructure-shared/deployment-api/models/service.go:41.10,42.15 1 1
github.com/sorenmh/infrastructure-shared/deployment-api/models/service.go:47.41,49.2 1 1
github.com/sorenmh/infrastructure-shared/deployment-api/models/service.go:58.48,62.30 3 1
github.com/sorenmh/infrastructure-shared/deployment-api/models/service.go:62.30,64.3 1 1
github.com/sorenmh/infrastructure-shared/deployment-api/models/service.go:66.2,66.28 1 1
github.com/sorenmh/infrastructure-shared/deployment-api/models/service.go:66.28,68.3 1 1
github.com/sorenmh/infrastructure-shared/deployment-api/models/service.go:70.2,70.12 1 1
github.com/sorenmh/infrastructure-shared/deployment-api/models/service.go:81.36,85.32 3 1
github.com/sorenmh/infrastructure-shared/deployment-api/models/service.go:85.32,87.3 1 1
github.com/sorenmh/infrastructure-shared/deployment-api/models/service.go:89.2,89.30 1 1
github.com/sorenmh/infrastructure-shared/deployment-api/models/service.go:89.30,91.3 1 1
github.com/sorenmh/infrastructure-shared/deployment-api/models/service.go:93.2,93.12 1 1
github.com/sorenmh/infrastructure-shared/deployment-api/models/service.go:109.46,113.28 2 1
github.com/sorenmh/infrastructure-shared/deployment-api/models/service.go:113.28,115.3 1 1
github.com/sorenmh/infrastructure-shared/deployment-api/models/service.go:117.2,117.18 1 1
github.com/sorenmh/infrastructure-shared/deployment-api/models/service.go:121.41,123.2 1 1
github.com/sorenmh/infrastructure-shared/deployment-api/models/service.go:126.38,127.23 1 1
github.com/sorenmh/infrastructure-shared/deployment-api/models/service.go:127.23,129.3 1 1
github.com/sorenmh/infrastructure-shared/deployment-api/models/service.go:131.2,131.26 1 1
github.com/sorenmh/infrastructure-shared/deployment-api/models/service.go:131.26,132.50 1 1
github.com/sorenmh/infrastructure-shared/deployment-api/models/service.go:132.50,134.4 1 1
github.com/sorenmh/infrastructure-shared/deployment-api/models/service.go:138.2,139.28 2 1
github.com/sorenmh/infrastructure-shared/deployment-api/models/service.go:139.28,140.40 1 1
github.com/sorenmh/infrastructure-shared/deployment-api/models/service.go:140.40,142.4 1 0
github.com/sorenmh/infrastructure-shared/deployment-api/models/service.go:145.3,145.25 1 1
github.com/sorenmh/infrastructure-shared/deployment-api/models/service.go:145.25,147.4 1 1
github.com/sorenmh/infrastructure-shared/deployment-api/models/service.go:148.3,148.28 1 1
github.com/sorenmh/infrastructure-shared/deployment-api/models/service.go:151.2,151.12 1 1
github.com/sorenmh/infrastructure-shared/deployment-api/models/service.go:155.47,156.19 1 1
github.com/sorenmh/infrastructure-shared/deployment-api/models/service.go:156.19,158.3 1 1
github.com/sorenmh/infrastructure-shared/deployment-api/models/service.go:160.2,160.30 1 1
github.com/sorenmh/infrastructure-shared/deployment-api/models/service.go:160.30,162.3 1 1
github.com/sorenmh/infrastructure-shared/deployment-api/models/service.go:164.2,164.29 1 1
github.com/sorenmh/infrastructure-shared/deployment-api/models/service.go:164.29,166.3 1 1
github.com/sorenmh/infrastructure-shared/deployment-api/models/service.go:169.2,169.45 1 1
github.com/sorenmh/infrastructure-shared/deployment-api/models/service.go:169.45,170.23 1 1
github.com/sorenmh/infrastructure-shared/deployment-api/models/service.go:170.23,172.4 1 1
github.com/sorenmh/infrastructure-shared/deployment-api/models/service.go:174.3,174.28 1 1
github.com/sorenmh/infrastructure-shared/deployment-api/models/service.go:174.28,176.4 1 1
github.com/sorenmh/infrastructure-shared/deployment-api/models/service.go:178.3,178.46 1 1
github.com/sorenmh/infrastructure-shared/deployment-api/models/service.go:178.46,180.4 1 0
github.com/sorenmh/infrastructure-shared/deployment-api/models/service.go:183.2,183.12 1 1
github.com/sorenmh/infrastructure-shared/deployment-api/models/service.go:187.43,190.20 2 1
github.com/sorenmh/infrastructure-shared/deployment-api/models/service.go:190.20,192.3 1 1
github.com/sorenmh/infrastructure-shared/deployment-api/models/service.go:195.2,195.48 1 1
github.com/sorenmh/infrastructure-shared/deployment-api/models/service.go:199.42,201.20 2 1
github.com/sorenmh/infrastructure-shared/deployment-api/models/service.go:201.20,203.3 1 1
github.com/sorenmh/infrastructure-shared/deployment-api/models/service.go:205.2,205.28 1 1
github.com/sorenmh/infrastructure-shared/deployment-api/models/service.go:209.39,210.38 1 1
github.com/sorenmh/infrastructure-shared/deployment-api/models/service.go:210.38,212.3 1 1
github.com/sorenmh/infrastructure-shared/deployment-api/models/service.go:215.2,215.68 1 1
github.com/sorenmh/infrastructure-shared/deployment-api/models/service.go:215.68,217.3 1 1
github.com/sorenmh/infrastructure-shared/deployment-api/models/service.go:220.2,220.28 1 1
github.com/sorenmh/infrastructure-shared/deployment-api/models/service.go:220.28,221.49 1 1
github.com/sorenmh/infrastructure-shared/deployment-api/models/service.go:221.49,223.4 1 1
github.com/sorenmh/infrastructure-shared/deployment-api/models/service.go:226.2,226.13 1 1
github.com/sorenmh/infrastructure-shared/deployment-api/models/service.go:230.34,232.2 1 1
github.com/sorenmh/infrastructure-shared/deployment-api/models/validation.go:20.42,21.20 1 0
github.com/sorenmh/infrastructure-shared/deployment-api/models/validation.go:21.20,23.3 1 0
github.com/sorenmh/infrastructure-shared/deployment-api/models/validation.go:24.2,24.52 1 0
github.com/sorenmh/infrastructure-shared/deployment-api/models/validation.go:31.44,32.19 1 0
github.com/sorenmh/infrastructure-shared/deployment-api/models/validation.go:32.19,34.3 1 0
github.com/sorenmh/infrastructure-shared/deployment-api/models/validation.go:35.2,35.19 1 0
github.com/sorenmh/infrastructure-shared/deployment-api/models/validation.go:35.19,37.3 1 0
github.com/sorenmh/infrastructure-shared/deployment-api/models/validation.go:39.2,40.25 2 0
github.com/sorenmh/infrastructure-shared/deployment-api/models/validation.go:40.25,42.3 1 0
github.com/sorenmh/infrastructure-shared/deployment-api/models/validation.go:43.2,43.84 1 0
github.com/sorenmh/infrastructure-shared/deployment-api/models/validation.go:47.41,58.2 7 0
github.com/sorenmh/infrastructure-shared/deployment-api/models/validation.go:61.61,63.38 1 0
github.com/sorenmh/infrastructure-shared/deployment-api/models/validation.go:63.38,65.3 1 0
github.com/sorenmh/infrastructure-shared/deployment-api/models/validation.go:68.2,69.45 2 0
github.com/sorenmh/infrastructure-shared/deployment-api/models/validation.go:69.45,71.3 1 0
github.com/sorenmh/infrastructure-shared/deployment-api/models/validation.go:73.2,73.12 1 0
github.com/sorenmh/infrastructure-shared/deployment-api/models/validation.go:77.46,78.66 1 0
github.com/sorenmh/infrastructure-shared/deployment-api/models/validation.go:78.66,81.39 2 0
github.com/sorenmh/infrastructure-shared/deployment-api/models/validation.go:81.39,87.4 1 0
github.com/sorenmh/infrastructure-shared/deployment-api/models/validation.go:89.3,89.16 1 0
github.com/sorenmh/infrastructure-shared/deployment-api/models/validation.go:92.2,92.12 1 0
github.com/sorenmh/infrastructure-shared/deployment-api/models/validation.go:96.59,97.18 1 0
github.com/sorenmh/infrastructure-shared/deployment-api/models/validation.go:98.18,99.23 1 0
github.com/sorenmh/infrastructure-shared/deployment-api/models/validation.go:100.13,101.56 1 0
github.com/sorenmh/infrastructure-shared/deployment-api/models/validation.go:102.13,103.55 1 0
github.com/sorenmh/infrastructure-shared/deployment-api/models/validation.go:104.17,105.88 1 0
github.com/sorenmh/infrastructure-shared/deployment-api/models/validation.go:106.19,107.70 1 0
github.com/sorenmh/infrastructure-shared/deployment-api/models/validation.go:108.22,109.117 1 0
github.com/sorenmh/infrastructure-shared/deployment-api/models/validation.go:110.20,111.47 1 0
github.com/sorenmh/infrastructure-shared/deployment-api/models/validation.go:112.22,113.80 1 0
github.com/sorenmh/infrastructure-shared/deployment-api/models/validation.go:114.10,115.20 1 0
github.com/sorenmh/infrastructure-shared/deployment-api/models/validation.go:122.52,125.2 2 0
github.com/sorenmh/infrastructure-shared/deployment-api/models/validation.go:128.53,130.17 2 0
github.com/sorenmh/infrastructure-shared/deployment-api/models/validation.go:130.17,132.3 1 0
github.com/sorenmh/infrastructure-shared/deployment-api/models/validation.go:135.2,137.16 3 0
github.com/sorenmh/infrastructure-shared/deployment-api/models/validation.go:141.55,143.17 2 0
github.com/sorenmh/infrastructure-shared/deployment-api/models/validation.go:143.17,145.3 1 0
github.com/sorenmh/infrastructure-shared/deployment-api/models/validation.go:148.2,150.16 3 0
github.com/sorenmh/infrastructure-shared/deployment-api/models/validation.go:154.54,156.17 2 0
github.com/sorenmh/infrastructure-shared/deployment-api/models/validation.go:156.17,158.3 1 0
github.com/sorenmh/infrastructure-shared/deployment-api/models/validation.go:160.2,161.21 2 0
github.com/sorenmh/infrastructure-shared/deployment-api/models/validation.go:161.21,163.3 1 0
github.com/sorenmh/infrastructure-shared/deployment-api/models/validation.go:165.2,169.61 3 0
github.com/sorenmh/infrastructure-shared/deployment-api/models/validation.go:173.56,175.17 2 0
github.com/sorenmh/infrastructure-shared/deployment-api/models/validation.go:175.17,177.3 1 0
github.com/sorenmh/infrastructure-shared/deployment-api/models/validation.go:180.2,187.35 2 0
github.com/sorenmh/infrastructure-shared/deployment-api/models/validation.go:187.35,188.64 1 0
github.com/sorenmh/infrastructure-shared/deployment-api/models/validation.go:188.64,190.4 1 0
github.com/sorenmh/infrastructure-shared/deployment-api/models/validation.go:193.2,193.14 1 0
github.com/sorenmh/infrastructure-shared/deployment-api/models/validation.go:197.37,198.37 1 0
github.com/sorenmh/infrastructure-shared/deployment-api/models/validation.go:198.37,200.3 1 0
github.com/sorenmh/infrastructure-shared/deployment-api/models/validation.go:203.2,205.16 3 0
github.com/sorenmh/infrastructure-shared/deployment-api/models/validation.go:209.56,211.19 2 0
github.com/sorenmh/infrastructure-shared/deployment-api/models/validation.go:211.19,214.3 1 0
github.com/sorenmh/infrastructure-shared/deployment-api/models/validation.go:215.2,215.12 1 0
github.com/sorenmh/infrastructure-shared/deployment-api/models/validation.go:219.48,220.16 1 0
github.com/sorenmh/infrastructure-shared/deployment-api/models/validation.go:220.16,222.3 1 0
github.com/sorenmh/infrastructure-shared/deployment-api/models/validation.go:225.2,226.42 2 0
github.com/sorenmh/infrastructure-shared/deployment-api/models/validation.go:226.42,228.3 1 0
github.com/sorenmh/infrastructure-shared/deployment-api/models/validation.go:232.2,232.12 1 0
github.com/sorenmh/infrastructure-shared/deployment-api/models/validation.go:236.54,237.20 1 0
github.com/sorenmh/infrastructure-shared/deployment-api/models/validation.go:237.20,239.3 1 0
github.com/sorenmh/infrastructure-shared/deployment-api/models/validation.go:242.2,242.50 1 0
github.com/sorenmh/infrastructure-shared/deployment-api/models/validation.go:242.50,244.3 1 0
github.com/sorenmh/infrastructure-shared/deployment-api/models/validation.go:247.2,252.35 2 0
github.com/sorenmh/infrastructure-shared/deployment-api/models/validation.go:252.35,253.67 1 0
github.com/sorenmh/infrastructure-shared/deployment-api/models/validation.go:253.67,255.4 1 0
github.com/sorenmh/infrastructure-shared/deployment-api/models/validation.go:258.2,258.62 1 0
github.com/sorenmh/infrastructure-shared/deployment-api/main.go:13.13,19.16 4 0
github.com/sorenmh/infrastructure-shared/deployment-api/main.go:19.16,21.3 1 0
github.com/sorenmh/infrastructure-shared/deployment-api/main.go:23.2,27.16 3 0
github.com/sorenmh/infrastructure-shared/deployment-api/main.go:27.16,29.3 1 0
github.com/sorenmh/infrastructure-shared/deployment-api/main.go:30.2,44.16 4 0
github.com/sorenmh/infrastructure-shared/deployment-api/main.go:44.16,46.3 1 0
github.com/sorenmh/infrastructure-shared/deployment-api/main.go:48.2,55.37 4 0
github.com/sorenmh/infrastructure-shared/deployment-api/main.go:55.37,57.3 1 0
github.com/sorenmh/infrastructure-shared/deployment-api/db/db.go:16.42,18.16 2 1
github.com/sorenmh/infrastructure-shared/deployment-api/db/db.go:18.16,20.3 1 0
github.com/sorenmh/infrastructure-shared/deployment-api/db/db.go:22.2,22.34 1 1
github.com/sorenmh/infrastructure-shared/deployment-api/db/db.go:22.34,24.3 1 1
github.com/sorenmh/infrastructure-shared/deployment-api/db/db.go:26.2,27.36 2 1
github.com/sorenmh/infrastructure-shared/deployment-api/db/db.go:27.36,29.3 1 0
github.com/sorenmh/infrastructure-shared/deployment-api/db/db.go:31.2,31.15 1 1
github.com/sorenmh/infrastructure-shared/deployment-api/db/db.go:34.36,67.2 3 1
github.com/sorenmh/infrastructure-shared/deployment-api/db/db.go:69.67,76.2 2 1
github.com/sorenmh/infrastructure-shared/deployment-api/db/db.go:78.68,81.2 2 1
github.com/sorenmh/infrastructure-shared/deployment-api/db/db.go:83.73,90.26 3 1
github.com/sorenmh/infrastructure-shared/deployment-api/db/db.go:90.26,92.3 1 1
github.com/sorenmh/infrastructure-shared/deployment-api/db/db.go:93.2,93.18 1 1
github.com/sorenmh/infrastructure-shared/deployment-api/db/db.go:96.108,100.16 3 1
github.com/sorenmh/infrastructure-shared/deployment-api/db/db.go:100.16,102.3 1 0
github.com/sorenmh/infrastructure-shared/deployment-api/db/db.go:105.2,112.16 2 1
github.com/sorenmh/infrastructure-shared/deployment-api/db/db.go:112.16,114.3 1 0
github.com/sorenmh/infrastructure-shared/deployment-api/db/db.go:115.2,118.18 3 1
github.com/sorenmh/infrastructure-shared/deployment-api/db/db.go:118.18,120.164 2 1
github.com/sorenmh/infrastructure-shared/deployment-api/db/db.go:120.164,122.4 1 0
github.com/sorenmh/infrastructure-shared/deployment-api/db/db.go:123.3,123.41 1 1
github.com/sorenmh/infrastructure-shared/deployment-api/db/db.go:126.2,126.39 1 1
github.com/sorenmh/infrastructure-shared/deployment-api/db/db.go:129.89,139.26 3 1
github.com/sorenmh/infrastructure-shared/deployment-api/db/db.go:139.26,141.3 1 1
github.com/sorenmh/infrastructure-shared/deployment-api/db/db.go:142.2,142.18 1 1
github.com/sorenmh/infrastructure-shared/deployment-api/db/db.go:145.76,151.2 2 1
github.com/sorenmh/infrastructure-shared/deployment-api/db/db.go:153.34,155.2 1 1
github.com/sorenmh/infrastructure-shared/deployment-api/db/db.go:157.33,159.2 1 1
github.com/sorenmh/infrastructure-shared/deployment-api/config/config.go:60.41,62.16 2 1
github.com/sorenmh/infrastructure-shared/deployment-api/config/config.go:62.16,64.3 1 1
github.com/sorenmh/infrastructure-shared/deployment-api/config/config.go:67.2,70.62 3 1
github.com/sorenmh/infrastructure-shared/deployment-api/config/config.go:70.62,72.3 1 1
github.com/sorenmh/infrastructure-shared/deployment-api/config/config.go:75.2,75.26 1 1
github.com/sorenmh/infrastructure-shared/deployment-api/config/config.go:75.26,77.3 1 1
github.com/sorenmh/infrastructure-shared/deployment-api/config/config.go:78.2,78.26 1 1
github.com/sorenmh/infrastructure-shared/deployment-api/config/config.go:78.26,80.3 1 1
github.com/sorenmh/infrastructure-shared/deployment-api/config/config.go:81.2,81.29 1 1
github.com/sorenmh/infrastructure-shared/deployment-api/config/config.go:81.29,83.3 1 1
github.com/sorenmh/infrastructure-shared/deployment-api/config/config.go:84.2,84.29 1 1
github.com/sorenmh/infrastructure-shared/deployment-api/config/config.go:84.29,86.3 1 1
github.com/sorenmh/infrastructure-shared/deployment-api/config/config.go:87.2,87.29 1 1
github.com/sorenmh/infrastructure-shared/deployment-api/config/config.go:87.29,89.3 1 1
github.com/sorenmh/infrastructure-shared/deployment-api/config/config.go:90.2,90.30 1 1
github.com/sorenmh/infrastructure-shared/deployment-api/config/config.go:90.30,92.3 1 1
github.com/sorenmh/infrastructure-shared/deployment-api/config/config.go:95.2,95.30 1 1
github.com/sorenmh/infrastructure-shared/deployment-api/config/config.go:95.30,96.41 1 1
github.com/sorenmh/infrastructure-shared/deployment-api/config/config.go:96.41,98.4 1 1
github.com/sorenmh/infrastructure-shared/deployment-api/config/config.go:101.2,101.18 1 1
github.com/sorenmh/infrastructure-shared/deployment-api/config/config.go:104.57,105.33 1 1
github.com/sorenmh/infrastructure-shared/deployment-api/config/config.go:105.33,106.23 1 1
github.com/sorenmh/infrastructure-shared/deployment-api/config/config.go:106.23,108.4 1 1
github.com/sorenmh/infrastructure-shared/deployment-api/config/config.go:110.2,110.12 1 1
github.com/sorenmh/infrastructure-shared/deployment-api/config/config.go:113.50,114.38 1 1
github.com/sorenmh/infrastructure-shared/deployment-api/config/config.go:114.38,115.20 1 1
github.com/sorenmh/infrastructure-shared/deployment-api/config/config.go:115.20,117.4 1 1
github.com/sorenmh/infrastructure-shared/deployment-api/config/config.go:119.2,119.14 1 1
github.com/sorenmh/infrastructure-shared/deployment-api/api/api.go:31.92,32.34 1 0
github.com/sorenmh/infrastructure-shared/deployment-api/api/api.go:32.34,34.3 1 0
github.com/sorenmh/infrastructure-shared/deployment-api/api/api.go:34.8,36.3 1 0
github.com/sorenmh/infrastructure-shared/deployment-api/api/api.go:38.2,47.10 3 0
github.com/sorenmh/infrastructure-shared/deployment-api/api/api.go:50.32,57.2 4 1
github.com/sorenmh/infrastructure-shared/deployment-api/api/api.go:57.2,73.3 10 1
github.com/sorenmh/infrastructure-shared/deployment-api/api/api.go:76.51,77.30 1 1
github.com/sorenmh/infrastructure-shared/deployment-api/api/api.go:77.30,79.17 2 1
github.com/sorenmh/infrastructure-shared/deployment-api/api/api.go:79.17,83.4 3 1
github.com/sorenmh/infrastructure-shared/deployment-api/api/api.go:86.3,87.46 2 1
github.com/sorenmh/infrastructure-shared/deployment-api/api/api.go:87.46,91.4 3 1
github.com/sorenmh/infrastructure-shared/deployment-api/api/api.go:93.3,94.38 2 1
github.com/sorenmh/infrastructure-shared/deployment-api/api/api.go:94.38,98.4 3 1
github.com/sorenmh/infrastructure-shared/deployment-api/api/api.go:100.3,100.11 1 1
github.com/sorenmh/infrastructure-shared/deployment-api/api/api.go:104.47,109.21 4 0
github.com/sorenmh/infrastructure-shared/deployment-api/api/api.go:109.21,111.3 1 0
github.com/sorenmh/infrastructure-shared/deployment-api/api/api.go:113.2,118.4 1 0
github.com/sorenmh/infrastructure-shared/deployment-api/api/api.go:121.53,124.40 2 0
github.com/sorenmh/infrastructure-shared/deployment-api/api/api.go:124.40,135.3 2 0
github.com/sorenmh/infrastructure-shared/deployment-api/api/api.go:137.2,137.52 1 0
github.com/sorenmh/infrastructure-shared/deployment-api/api/api.go:140.53,146.16 5 0
github.com/sorenmh/infrastructure-shared/deployment-api/api/api.go:146.16,149.3 2 0
github.com/sorenmh/infrastructure-shared/deployment-api/api/api.go:152.2,153.29 2 0
github.com/sorenmh/infrastructure-shared/deployment-api/api/api.go:153.29,155.3 1 0
github.com/sorenmh/infrastructure-shared/deployment-api/api/api.go:155.8,157.3 1 0
github.com/sorenmh/infrastructure-shared/deployment-api/api/api.go:159.2,160.16 2 0
github.com/sorenmh/infrastructure-shared/deployment-api/api/api.go:160.16,164.3 3 0
github.com/sorenmh/infrastructure-shared/deployment-api/api/api.go:167.2,168.26 2 0
github.com/sorenmh/infrastructure-shared/deployment-api/api/api.go:168.26,169.40 1 0
github.com/sorenmh/infrastructure-shared/deployment-api/api/api.go:169.40,171.4 1 0
github.com/sorenmh/infrastructure-shared/deployment-api/api/api.go:174.2,177.4 1 0
github.com/sorenmh/infrastructure-shared/deployment-api/api/api.go:180.51,184.16 3 0
github.com/sorenmh/infrastructure-shared/deployment-api/api/api.go:184.16,187.3 2 0
github.com/sorenmh/infrastructure-shared/deployment-api/api/api.go:189.2,190.16 2 0
github.com/sorenmh/infrastructure-shared/deployment-api/api/api.go:190.16,193.3 2 0
github.com/sorenmh/infrastructure-shared/deployment-api/api/api.go:195.2,195.23 1 0
github.com/sorenmh/infrastructure-shared/deployment-api/api/api.go:195.23,198.17 2 0
github.com/sorenmh/infrastructure-shared/deployment-api/api/api.go:198.17,201.4 2 0
github.com/sorenmh/infrastructure-shared/deployment-api/api/api.go:203.3,208.9 2 0
github.com/sorenmh/infrastructure-shared/deployment-api/api/api.go:211.2,211.35 1 0
github.com/sorenmh/infrastructure-shared/deployment-api/api/api.go:214.47,218.47 3 0
github.com/sorenmh/infrastructure-shared/deployment-api/api/api.go:218.47,221.3 2 0
github.com/sorenmh/infrastructure-shared/deployment-api/api/api.go:223.2,224.16 2 0
github.com/sorenmh/infrastructure-shared/deployment-api/api/api.go:224.16,227.3 2 0
github.com/sorenmh/infrastructure-shared/deployment-api/api/api.go:230.2,231.29 2 0
github.com/sorenmh/infrastructure-shared/deployment-api/api/api.go:231.29,233.3 1 0
github.com/sorenmh/infrastructure-shared/deployment-api/api/api.go:233.8,235.3 1 0
github.com/sorenmh/infrastructure-shared/deployment-api/api/api.go:237.2,238.16 2 0
github.com/sorenmh/infrastructure-shared/deployment-api/api/api.go:238.16,242.3 3 0
github.com/sorenmh/infrastructure-shared/deployment-api/api/api.go:244.2,244.13 1 0
github.com/sorenmh/infrastructure-shared/deployment-api/api/api.go:244.13,247.3 2 0
github.com/sorenmh/infrastructure-shared/deployment-api/api/api.go:250.2,262.58 3 0
github.com/sorenmh/infrastructure-shared/deployment-api/api/api.go:262.58,266.3 3 0
github.com/sorenmh/infrastructure-shared/deployment-api/api/api.go:269.2,270.16 2 0
github.com/sorenmh/infrastructure-shared/deployment-api/api/api.go:270.16,276.3 5 0
github.com/sorenmh/infrastructure-shared/deployment-api/api/api.go:278.2,282.35 4 0
github.com/sorenmh/infrastructure-shared/deployment-api/api/api.go:285.49,289.47 3 0
github.com/sorenmh/infrastructure-shared/deployment-api/api/api.go:289.47,292.3 2 0
github.com/sorenmh/infrastructure-shared/deployment-api/api/api.go:294.2,295.16 2 0
github.com/sorenmh/infrastructure-shared/deployment-api/api/api.go:295.16,298.3 2 0
github.com/sorenmh/infrastructure-shared/deployment-api/api/api.go:301.2,302.25 2 0
github.com/sorenmh/infrastructure-shared/deployment-api/api/api.go:302.25,304.41 2 0
github.com/sorenmh/infrastructure-shared/deployment-api/api/api.go:304.41,307.4 2 0
github.com/sorenmh/infrastructure-shared/deployment-api/api/api.go:308.3,308.41 1 0
github.com/sorenmh/infrastructure-shared/deployment-api/api/api.go:312.2,323.58 3 0
github.com/sorenmh/infrastructure-shared/deployment-api/api/api.go:323.58,327.3 3 0
github.com/sorenmh/infrastructure-shared/deployment-api/api/api.go:330.2,331.16 2 0
github.com/sorenmh/infrastructure-shared/deployment-api/api/api.go:331.16,336.3 4 0
github.com/sorenmh/infrastructure-shared/deployment-api/api/api.go:338.2,341.35 3 0
github.com/sorenmh/infrastructure-shared/deployment-api/api/api.go:344.55,353.16 7 0
github.com/sorenmh/infrastructure-shared/deployment-api/api/api.go:353.16,356.3 2 0
github.com/sorenmh/infrastructure-shared/deployment-api/api/api.go:358.2,364.4 1 0
github.com/sorenmh/infrastructure-shared/deployment-api/api/api.go:367.48,369.47 2 0
github.com/sorenmh/infrastructure-shared/deployment-api/api/api.go:369.47,372.3 2 0
github.com/sorenmh/infrastructure-shared/deployment-api/api/api.go:374.2,377.20 2 0
github.com/sorenmh/infrastructure-shared/deployment-api/api/api.go:377.20,386.17 3 0
github.com/sorenmh/infrastructure-shared/deployment-api/api/api.go:386.17,389.4 2 0
github.com/sorenmh/infrastructure-shared/deployment-api/api/api.go:391.3,403.59 3 0
github.com/sorenmh/infrastructure-shared/deployment-api/api/api.go:403.59,405.18 2 0
github.com/sorenmh/infrastructure-shared/deployment-api/api/api.go:405.18,408.5 2 0
github.com/sorenmh/infrastructure-shared/deployment-api/api/api.go:408.10,410.5 1 0
github.com/sorenmh/infrastructure-shared/deployment-api/api/api.go:414.2,419.4 1 0
github.com/sorenmh/infrastructure-shared/deployment-api/api/api.go:424.58,426.47 2 1
github.com/sorenmh/infrastructure-shared/deployment-api/api/api.go:426.47,433.3 2 1
github.com/sorenmh/infrastructure-shared/deployment-api/api/api.go:436.2,437.16 2 1
github.com/sorenmh/infrastructure-shared/deployment-api/api/api.go:437.16,445.3 3 1
github.com/sorenmh/infrastructure-shared/deployment-api/api/api.go:448.2,449.43 2 1
github.com/sorenmh/infrastructure-shared/deployment-api/api/api.go:449.43,451.3 1 1
github.com/sorenmh/infrastructure-shared/deployment-api/api/api.go:453.2,459.33 2 1
github.com/sorenmh/infrastructure-shared/deployment-api/api/api.go:462.56,464.47 2 1
github.com/sorenmh/infrastructure-shared/deployment-api/api/api.go:464.47,471.3 2 0
github.com/sorenmh/infrastructure-shared/deployment-api/api/api.go:474.2,478.80 3 1
github.com/sorenmh/infrastructure-shared/deployment-api/api/api.go:478.80,480.57 1 1
github.com/sorenmh/infrastructure-shared/deployment-api/api/api.go:480.57,482.4 1 0
github.com/sorenmh/infrastructure-shared/deployment-api/api/api.go:482.9,488.4 1 1
github.com/sorenmh/infrastructure-shared/deployment-api/api/api.go:492.2,492.73 1 1
github.com/sorenmh/infrastructure-shared/deployment-api/api/api.go:492.73,493.35 1 1
github.com/sorenmh/infrastructure-shared/deployment-api/api/api.go:493.35,495.4 1 1
github.com/sorenmh/infrastructure-shared/deployment-api/api/api.go:497.3,497.71 1 1
github.com/sorenmh/infrastructure-shared/deployment-api/api/api.go:497.71,499.4 1 1
github.com/sorenmh/infrastructure-shared/deployment-api/api/api.go:502.3,502.71 1 1
github.com/sorenmh/infrastructure-shared/deployment-api/api/api.go:502.71,504.4 1 0
github.com/sorenmh/infrastructure-shared/deployment-api/api/api.go:506.3,506.30 1 1
github.com/sorenmh/infrastructure-shared/deployment-api/api/api.go:506.30,508.4 1 0
github.com/sorenmh/infrastructure-shared/deployment-api/api/api.go:512.2,513.31 2 1
github.com/sorenmh/infrastructure-shared/deployment-api/api/api.go:513.31,515.3 1 1
github.com/sorenmh/infrastructure-shared/deployment-api/api/api.go:516.2,516.23 1 1
github.com/sorenmh/infrastructure-shared/deployment-api/api/api.go:516.23,517.33 1 1
github.com/sorenmh/infrastructure-shared/deployment-api/api/api.go:517.33,519.4 1 1
github.com/sorenmh/infrastructure-shared/deployment-api/api/api.go:519.9,521.4 1 1
github.com/sorenmh/infrastructure-shared/deployment-api/api/api.go:524.2,532.31 2 1
github.com/sorenmh/infrastructure-shared/deployment-api/api/api.go:532.31,534.3 1 1
github.com/sorenmh/infrastructure-shared/deployment-api/api/api.go:534.8,536.3 1 1
github.com/sorenmh/infrastructure-shared/deployment-api/api/api.go:539.54,541.47 2 1
github.com/sorenmh/infrastructure-shared/deployment-api/api/api.go:541.47,548.3 2 0
github.com/sorenmh/infrastructure-shared/deployment-api/api/api.go:551.2,552.27 2 1
github.com/sorenmh/infrastructure-shared/deployment-api/api/api.go:552.27,554.3 1 1
github.com/sorenmh/infrastructure-shared/deployment-api/api/api.go:557.2,557.80 1 1
github.com/sorenmh/infrastructure-shared/deployment-api/api/api.go:557.80,561.57 2 1
github.com/sorenmh/infrastructure-shared/deployment-api/api/api.go:561.57,563.33 2 0
github.com/sorenmh/infrastructure-shared/deployment-api/api/api.go:563.33,565.5 1 0
github.com/sorenmh/infrastructure-shared/deployment-api/api/api.go:566.4,570.6 1 0
github.com/sorenmh/infrastructure-shared/deployment-api/api/api.go:571.9,577.4 1 1
github.com/sorenmh/infrastructure-shared/deployment-api/api/api.go:578.3,578.9 1 1
github.com/sorenmh/infrastructure-shared/deployment-api/api/api.go:582.2,583.16 2 1
github.com/sorenmh/infrastructure-shared/deployment-api/api/api.go:583.16,591.3 3 0
github.com/sorenmh/infrastructure-shared/deployment-api/api/api.go:594.2,595.16 2 1
github.com/sorenmh/infrastructure-shared/deployment-api/api/api.go:595.16,603.3 3 0
github.com/sorenmh/infrastructure-shared/deployment-api/api/api.go:606.2,607.43 2 1
github.com/sorenmh/infrastructure-shared/deployment-api/api/api.go:607.43,609.3 1 1
github.com/sorenmh/infrastructure-shared/deployment-api/api/api.go:611.2,620.33 2 1
github.com/sorenmh/infrastructure-shared/deployment-api/api/api.go:623.30,627.2 3 0
github.com/sorenmh/infrastructure-shared/deployment-api/git/git.go:37.110,48.39 2 1
github.com/sorenmh/infrastructure-shared/deployment-api/git/git.go:48.39,50.3 1 1
github.com/sorenmh/infrastructure-shared/deployment-api/git/git.go:52.2,52.15 1 0
github.com/sorenmh/infrastructure-shared/deployment-api/git/git.go:55.37,57.71 1 1
github.com/sorenmh/infrastructure-shared/deployment-api/git/git.go:57.71,60.17 2 0
github.com/sorenmh/infrastructure-shared/deployment-api/git/git.go:60.17,62.4 1 0
github.com/sorenmh/infrastructure-shared/deployment-api/git/git.go:63.3,64.18 2 0
github.com/sorenmh/infrastructure-shared/deployment-api/git/git.go:68.2,74.16 2 1
github.com/sorenmh/infrastructure-shared/deployment-api/git/git.go:74.16,76.3 1 1
github.com/sorenmh/infrastructure-shared/deployment-api/git/git.go:78.2,79.12 2 0
github.com/sorenmh/infrastructure-shared/deployment-api/git/git.go:82.41,87.2 1 1
github.com/sorenmh/infrastructure-shared/deployment-api/git/git.go:89.31,91.16 2 0
github.com/sorenmh/infrastructure-shared/deployment-api/git/git.go:91.16,93.3 1 0
github.com/sorenmh/infrastructure-shared/deployment-api/git/git.go:95.2,101.51 2 0
github.com/sorenmh/infrastructure-shared/deployment-api/git/git.go:101.51,103.3 1 0
github.com/sorenmh/infrastructure-shared/deployment-api/git/git.go:105.2,105.12 1 0
github.com/sorenmh/infrastructure-shared/deployment-api/git/git.go:108.78,110.33 1 0
github.com/sorenmh/infrastructure-shared/deployment-api/git/git.go:110.33,112.3 1 0
github.com/sorenmh/infrastructure-shared/deployment-api/git/git.go:114.2,118.16 3 0
github.com/sorenmh/infrastructure-shared/deployment-api/git/git.go:118.16,120.3 1 0
github.com/sorenmh/infrastructure-shared/deployment-api/git/git.go:123.2,124.56 2 0
github.com/sorenmh/infrastructure-shared/deployment-api/git/git.go:124.56,126.3 1 0
github.com/sorenmh/infrastructure-shared/deployment-api/git/git.go:129.2,130.16 2 0
github.com/sorenmh/infrastructure-shared/deployment-api/git/git.go:130.16,132.3 1 0
github.com/sorenmh/infrastructure-shared/deployment-api/git/git.go:134.2,134.14 1 0
github.com/sorenmh/infrastructure-shared/deployment-api/git/git.go:134.14,136.3 1 0
github.com/sorenmh/infrastructure-shared/deployment-api/git/git.go:139.2,140.16 2 0
github.com/sorenmh/infrastructure-shared/deployment-api/git/git.go:140.16,142.3 1 0
github.com/sorenmh/infrastructure-shared/deployment-api/git/git.go:144.2,144.62 1 0
github.com/sorenmh/infrastructure-shared/deployment-api/git/git.go:144.62,146.3 1 0
github.com/sorenmh/infrastructure-shared/deployment-api/git/git.go:148.2,148.46 1 0
github.com/sorenmh/infrastructure-shared/deployment-api/git/git.go:151.102,156.9 2 1
github.com/sorenmh/infrastructure-shared/deployment-api/git/git.go:156.9,158.3 1 1
github.com/sorenmh/infrastructure-shared/deployment-api/git/git.go:160.2,163.73 2 1
github.com/sorenmh/infrastructure-shared/deployment-api/git/git.go:163.73,165.3 1 1
github.com/sorenmh/infrastructure-shared/deployment-api/git/git.go:168.2,169.9 2 1
github.com/sorenmh/infrastructure-shared/deployment-api/git/git.go:169.9,171.3 1 0
github.com/sorenmh/infrastructure-shared/deployment-api/git/git.go:173.2,174.9 2 1
github.com/sorenmh/infrastructure-shared/deployment-api/git/git.go:174.9,176.3 1 0
github.com/sorenmh/infrastructure-shared/deployment-api/git/git.go:178.2,179.33 2 1
github.com/sorenmh/infrastructure-shared/deployment-api/git/git.go:179.33,181.3 1 1
github.com/sorenmh/infrastructure-shared/deployment-api/git/git.go:184.2,185.9 2 1
github.com/sorenmh/infrastructure-shared/deployment-api/git/git.go:185.9,187.3 1 0
github.com/sorenmh/infrastructure-shared/deployment-api/git/git.go:189.2,190.9 2 1
github.com/sorenmh/infrastructure-shared/deployment-api/git/git.go:190.9,192.3 1 0
github.com/sorenmh/infrastructure-shared/deployment-api/git/git.go:195.2,196.26 2 1
github.com/sorenmh/infrastructure-shared/deployment-api/git/git.go:196.26,198.3 1 0
github.com/sorenmh/infrastructure-shared/deployment-api/git/git.go:200.2,203.59 2 1
github.com/sorenmh/infrastructure-shared/deployment-api/git/git.go:203.59,205.21 2 1
github.com/sorenmh/infrastructure-shared/deployment-api/git/git.go:205.21,207.4 1 1
github.com/sorenmh/infrastructure-shared/deployment-api/git/git.go:210.2,211.18 2 1
github.com/sorenmh/infrastructure-shared/deployment-api/git/git.go:214.78,216.16 2 0
github.com/sorenmh/infrastructure-shared/deployment-api/git/git.go:216.16,218.3 1 0
github.com/sorenmh/infrastructure-shared/deployment-api/git/git.go:221.2,221.47 1 0
github.com/sorenmh/infrastructure-shared/deployment-api/git/git.go:221.47,223.3 1 0
github.com/sorenmh/infrastructure-shared/deployment-api/git/git.go:226.2,236.16 3 0
github.com/sorenmh/infrastructure-shared/deployment-api/git/git.go:236.16,238.3 1 0
github.com/sorenmh/infrastructure-shared/deployment-api/git/git.go:241.2,244.16 2 0
github.com/sorenmh/infrastructure-shared/deployment-api/git/git.go:244.16,246.3 1 0
github.com/sorenmh/infrastructure-shared/deployment-api/git/git.go:248.2,248.29 1 0
github.com/sorenmh/infrastructure-shared/deployment-api/git/git.go:251.74,252.33 1 0
github.com/sorenmh/infrastructure-shared/deployment-api/git/git.go:252.33,254.3 1 0
github.com/sorenmh/infrastructure-shared/deployment-api/git/git.go:256.2,258.16 3 0
github.com/sorenmh/infrastructure-shared/deployment-api/git/git.go:258.16,260.3 1 0
github.com/sorenmh/infrastructure-shared/deployment-api/git/git.go:262.2,263.56 2 0
github.com/sorenmh/infrastructure-shared/deployment-api/git/git.go:263.56,265.3 1 0
github.com/sorenmh/infrastructure-shared/deployment-api/git/git.go:268.2,269.9 2 0
github.com/sorenmh/infrastructure-shared/deployment-api/git/git.go:269.9,271.3 1 0
github.com/sorenmh/infrastructure-shared/deployment-api/git/git.go:274.2,274.73 1 0
github.com/sorenmh/infrastructure-shared/deployment-api/git/git.go:274.73,276.3 1 0
github.com/sorenmh/infrastructure-shared/deployment-api/git/git.go:278.2,279.9 2 0
github.com/sorenmh/infrastructure-shared/deployment-api/git/git.go:279.9,281.3 1 0
github.com/sorenmh/infrastructure-shared/deployment-api/git/git.go:283.2,284.9 2 0
github.com/sorenmh/infrastructure-shared/deployment-api/git/git.go:284.9,286.3 1 0
github.com/sorenmh/infrastructure-shared/deployment-api/git/git.go:288.2,289.33 2 0
github.com/sorenmh/infrastructure-shared/deployment-api/git/git.go:289.33,291.3 1 0
github.com/sorenmh/infrastructure-shared/deployment-api/git/git.go:293.2,294.9 2 0
github.com/sorenmh/infrastructure-shared/deployment-api/git/git.go:294.9,296.3 1 0
github.com/sorenmh/infrastructure-shared/deployment-api/git/git.go:298.2,299.9 2 0
github.com/sorenmh/infrastructure-shared/deployment-api/git/git.go:299.9,301.3 1 0
github.com/sorenmh/infrastructure-shared/deployment-api/git/git.go:304.2,305.20 2 0
github.com/sorenmh/infrastructure-shared/deployment-api/git/git.go:305.20,307.3 1 0
github.com/sorenmh/infrastructure-shared/deployment-api/git/git.go:309.2,309.22 1 0
github.com/sorenmh/infrastructure-shared/deployment-api/git/git.go:315.122,317.33 1 0
github.com/sorenmh/infrastructure-shared/deployment-api/git/git.go:317.33,319.3 1 0
github.com/sorenmh/infrastructure-shared/deployment-api/git/git.go:322.2,323.58 2 0
github.com/sorenmh/infrastructure-shared/deployment-api/git/git.go:323.58,325.3 1 0
github.com/sorenmh/infrastructure-shared/deployment-api/git/git.go:328.2,329.43 2 0
github.com/sorenmh/infrastructure-shared/deployment-api/git/git.go:329.43,332.63 2 0
github.com/sorenmh/infrastructure-shared/deployment-api/git/git.go:332.63,336.4 2 0
github.com/sorenmh/infrastructure-shared/deployment-api/git/git.go:339.3,340.52 2 0
github.com/sorenmh/infrastructure-shared/deployment-api/git/git.go:344.2,344.76 1 0
github.com/sorenmh/infrastructure-shared/deployment-api/git/git.go:348.51,349.37 1 1
github.com/sorenmh/infrastructure-shared/deployment-api/git/git.go:349.37,352.3 2 1
github.com/sorenmh/infrastructure-shared/deployment-api/git/git.go:356.113,358.16 2 0
github.com/sorenmh/infrastructure-shared/deployment-api/git/git.go:358.16,360.3 1 0
github.com/sorenmh/infrastructure-shared/deployment-api/git/git.go:363.2,363.37 1 0
github.com/sorenmh/infrastructure-shared/deployment-api/git/git.go:363.37,364.44 1 0
github.com/sorenmh/infrastructure-shared/deployment-api/git/git.go:364.44,366.4 1 0
github.com/sorenmh/infrastructure-shared/deployment-api/git/git.go:370.2,371.37 2 0
github.com/sorenmh/infrastructure-shared/deployment-api/git/git.go:371.37,373.3 1 0
github.com/sorenmh/infrastructure-shared/deployment-api/git/git.go:374.2,385.16 3 0
github.com/sorenmh/infrastructure-shared/deployment-api/git/git.go:385.16,387.3 1 0
github.com/sorenmh/infrastructure-shared/deployment-api/git/git.go:390.2,393.16 2 0
github.com/sorenmh/infrastructure-shared/deployment-api/git/git.go:393.16,395.3 1 0
github.com/sorenmh/infrastructure-shared/deployment-api/git/git.go:397.2,397.29 1 0
github.com/sorenmh/infrastructure-shared/deployment-api/git/git.go:401.123,403.2 1 0
github.com/sorenmh/infrastructure-shared/deployment-api/git/git.go:406.94,408.33 1 0
github.com/sorenmh/infrastructure-shared/deployment-api/git/git.go:408.33,410.3 1 0
github.com/sorenmh/infrastructure-shared/deployment-api/git/git.go:412.2,415.59 2 0
github.com/sorenmh/infrastructure-shared/deployment-api/git/git.go:415.59,417.3 1 0
github.com/sorenmh/infrastructure-shared/deployment-api/git/git.go:420.2,420.53 1 0
github.com/sorenmh/infrastructure-shared/deployment-api/git/git.go:420.53,422.3 1 0
github.com/sorenmh/infrastructure-shared/deployment-api/git/git.go:425.2,426.16 2 0
github.com/sorenmh/infrastructure-shared/deployment-api/git/git.go:426.16,428.3 1 0
github.com/sorenmh/infrastructure-shared/deployment-api/git/git.go:431.2,431.50 1 0
github.com/sorenmh/infrastructure-shared/deployment-api/git/git.go:431.50,433.3 1 0
github.com/sorenmh/infrastructure-shared/deployment-api/git/git.go:436.2,447.16 3 0
github.com/sorenmh/infrastructure-shared/deployment-api/git/git.go:447.16,449.3 1 0
github.com/sorenmh/infrastructure-shared/deployment-api/git/git.go:452.2,455.16 2 0
github.com/sorenmh/infrastructure-shared/deployment-api/git/git.go:455.16,457.3 1 0
github.com/sorenmh/infrastructure-shared/deployment-api/git/git.go:459.2,459.29 1 0
